android/build/outputs/logs/manifest-merger-debug-report.txt
-- Merging decision tree log ---
manifest
ADDED from final_project/android/AndroidManifest.xml:2:1-31:12
	xmlns:android
		ADDED from final_project/android/AndroidManifest.xml:2:11-69
	package
		ADDED from final_project/android/AndroidManifest.xml:3:5-26
		INJECTED from final_project/android/AndroidManifest.xml
		INJECTED from final_project/android/AndroidManifest.xml
	android:versionName
		ADDED from final_project/android/AndroidManifest.xml:5:5-30
		INJECTED from final_project/android/AndroidManifest.xml
		INJECTED from final_project/android/AndroidManifest.xml
	android:versionCode
		ADDED from final_project/android/AndroidManifest.xml:4:5-28
		INJECTED from final_project/android/AndroidManifest.xml
		INJECTED from final_project/android/AndroidManifest.xml
uses-sdk
ADDED from final_project/android/AndroidManifest.xml:7:5-74
	android:targetSdkVersion
		ADDED from final_project/android/AndroidManifest.xml:7:42-71
		INJECTED from final_project/android/AndroidManifest.xml
		INJECTED from final_project/android/AndroidManifest.xml
	android:minSdkVersion
		ADDED from final_project/android/AndroidManifest.xml:7:15-41
		INJECTED from final_project/android/AndroidManifest.xml
		INJECTED from final_project/android/AndroidManifest.xml
uses-permission#android.permission.ACCESS_WIFI_STATE
ADDED from final_project/android/AndroidManifest.xml:8:5-76
	android:name
		ADDED from final_project/android/AndroidManifest.xml:8:22-73
uses-permission#android.permission.CHANGE_WIFI_STATE
ADDED from final_project/android/AndroidManifest.xml:9:5-76
	android:name
		ADDED from final_project/android/AndroidManifest.xml:9:22-73
uses-permission#android.permission.CHANGE_NETWORK_STATE
ADDED from final_project/android/AndroidManifest.xml:10:5-79
	android:name
		ADDED from final_project/android/AndroidManifest.xml:10:22-76
uses-permission#android.permission.INTERNET
ADDED from final_project/android/AndroidManifest.xml:11:5-67
	android:name
		ADDED from final_project/android/AndroidManifest.xml:11:22-64
uses-permission#android.permission.ACCESS_NETWORK_STATE
ADDED from final_project/android/AndroidManifest.xml:12:5-79
	android:name
		ADDED from final_project/android/AndroidManifest.xml:12:22-76
application
ADDED from final_project/android/AndroidManifest.xml:14:5-29:19
	android:label
		ADDED from final_project/android/AndroidManifest.xml:17:9-41
	android:allowBackup
		ADDED from final_project/android/AndroidManifest.xml:15:9-35
	android:icon
		ADDED from final_project/android/AndroidManifest.xml:16:9-45
	android:theme
		ADDED from final_project/android/AndroidManifest.xml:18:9-40
activity#com.bs.game.AndroidLauncher
ADDED from final_project/android/AndroidManifest.xml:19:9-28:20
	android:screenOrientation
		ADDED from final_project/android/AndroidManifest.xml:22:13-50
	android:label
		ADDED from final_project/android/AndroidManifest.xml:21:13-45
	android:configChanges
		ADDED from final_project/android/AndroidManifest.xml:23:13-83
	android:name
		ADDED from final_project/android/AndroidManifest.xml:20:13-55
intent-filter#android.intent.action.MAIN+android.intent.category.LAUNCHER
ADDED from final_project/android/AndroidManifest.xml:24:13-27:29
action#android.intent.action.MAIN
ADDED from final_project/android/AndroidManifest.xml:25:17-69
	android:name
		ADDED from final_project/android/AndroidManifest.xml:25:25-66
category#android.intent.category.LAUNCHER
ADDED from final_project/android/AndroidManifest.xml:26:17-77
	android:name
		ADDED from final_project/android/AndroidManifest.xml:26:27-74